app/build/intermediates/manifest_merge_blame_file/debug/manifest-merger-blame-debug-report.txt
1<?xml version="1.0" encoding="utf-8"?>
2<manifest xmlns:android="http://schemas.android.com/apk/res/android"
3    package="com.yellowcode.tournote"
4    android:versionCode="1"
5    android:versionName="1.0.0" >
6
7    <uses-sdk
8        android:minSdkVersion="15"
8-->src\main\AndroidManifest.xml
9        android:targetSdkVersion="28" />
9-->src\main\AndroidManifest.xml
10
11    <supports-screens
11-->src\main\AndroidManifest.xml:5:5-9:40
12        android:largeScreens="true"
12-->src\main\AndroidManifest.xml:6:9-36
13        android:normalScreens="true"
13-->src\main\AndroidManifest.xml:7:9-37
14        android:smallScreens="false"
14-->src\main\AndroidManifest.xml:8:9-37
15        android:xlargeScreens="true" />
15-->src\main\AndroidManifest.xml:9:9-37
16
17    <application
17-->src\main\AndroidManifest.xml:11:5-35:19
18        android:allowBackup="true"
18-->src\main\AndroidManifest.xml:12:9-35
19        android:appComponentFactory="android.support.v4.app.CoreComponentFactory"
19-->[com.android.support:support-compat:28.0.0] AndroidManifest.xml:22:18-91
20        android:debuggable="true"
21        android:icon="@mipmap/ic_launcher"
21-->src\main\AndroidManifest.xml:13:9-43
22        android:label="@string/app_name"
22-->src\main\AndroidManifest.xml:14:9-41
23        android:roundIcon="@mipmap/ic_launcher_round"
23-->src\main\AndroidManifest.xml:15:9-54
24        android:supportsRtl="true"
24-->src\main\AndroidManifest.xml:16:9-35
25        android:testOnly="true"
26        android:theme="@style/AppTheme" >
26-->src\main\AndroidManifest.xml:17:9-40
27        <activity android:name="com.yellowcode.tournote.Main_TrangChu" >
27-->src\main\AndroidManifest.xml:19:9-25:20
27-->src\main\AndroidManifest.xml:19:19-48
28            <intent-filter>
28-->src\main\AndroidManifest.xml:20:13-24:29
29                <action android:name="android.intent.action.MAIN" />
29-->src\main\AndroidManifest.xml:21:17-69
29-->src\main\AndroidManifest.xml:21:25-66
30
31                <category android:name="android.intent.category.LAUNCHER" />
31-->src\main\AndroidManifest.xml:23:17-77
31-->src\main\AndroidManifest.xml:23:27-74
32            </intent-filter>
33        </activity>
34        <activity android:name="com.yellowcode.tournote.DanhSachActivity" />
34-->src\main\AndroidManifest.xml:26:9-63
34-->src\main\AndroidManifest.xml:26:19-51
35        <activity android:name="com.yellowcode.tournote.TTLH" />
35-->src\main\AndroidManifest.xml:27:9-51
35-->src\main\AndroidManifest.xml:27:19-39
36        <activity android:name="com.yellowcode.tournote.TTKH" />
36-->src\main\AndroidManifest.xml:28:9-51
36-->src\main\AndroidManifest.xml:28:19-39
37        <activity android:name="com.yellowcode.tournote.THANHTOAN" />
37-->src\main\AndroidManifest.xml:29:9-56
37-->src\main\AndroidManifest.xml:29:19-44
38        <activity android:name="com.yellowcode.tournote.LoginActivity" />
38-->src\main\AndroidManifest.xml:30:9-60
38-->src\main\AndroidManifest.xml:30:19-48
39        <activity android:name="com.yellowcode.tournote.SignActivity" />
39-->src\main\AndroidManifest.xml:31:9-59
39-->src\main\AndroidManifest.xml:31:19-47
40        <activity android:name="com.yellowcode.tournote.Home" />
40-->src\main\AndroidManifest.xml:32:9-51
40-->src\main\AndroidManifest.xml:32:19-39
41        <activity android:name="com.yellowcode.tournote.Profile" />
41-->src\main\AndroidManifest.xml:33:9-54
41-->src\main\AndroidManifest.xml:33:19-42
42        <activity android:name="com.yellowcode.tournote.Excute" />
42-->src\main\AndroidManifest.xml:34:9-53
42-->src\main\AndroidManifest.xml:34:19-41
43    </application>
44
45</manifest>